0 info it worked if it ends with ok
1 verbose cli [ '/usr/local/bin/node',
1 verbose cli   '/usr/local/bin/npm',
1 verbose cli   'install',
1 verbose cli   '-g',
1 verbose cli   'cordova' ]
2 info using npm@2.14.4
3 info using node@v4.1.1
4 verbose install initial load of /usr/local/lib/package.json
5 verbose readDependencies loading dependencies from /usr/local/lib/package.json
6 silly cache add args [ 'cordova', null ]
7 verbose cache add spec cordova
8 silly cache add parsed spec Result {
8 silly cache add   raw: 'cordova',
8 silly cache add   scope: null,
8 silly cache add   name: 'cordova',
8 silly cache add   rawSpec: '',
8 silly cache add   spec: '*',
8 silly cache add   type: 'range' }
9 silly addNamed cordova@*
10 verbose addNamed "*" is a valid semver range for cordova
11 silly addNameRange { name: 'cordova', range: '*', hasData: false }
12 silly mapToRegistry name cordova
13 silly mapToRegistry using default registry
14 silly mapToRegistry registry https://registry.npmjs.org/
15 silly mapToRegistry uri https://registry.npmjs.org/cordova
16 verbose addNameRange registry:https://registry.npmjs.org/cordova not in flight; fetching
17 verbose request uri https://registry.npmjs.org/cordova
18 verbose request no auth needed
19 info attempt registry request try #1 at 17:55:05
20 verbose request id bfa81fa3bfe7df91
21 http request GET https://registry.npmjs.org/cordova
22 http 200 https://registry.npmjs.org/cordova
23 silly get cb [ 200,
23 silly get   { server: 'nginx/1.10.1',
23 silly get     'content-type': 'application/json',
23 silly get     'last-modified': 'Sun, 13 Nov 2016 10:07:04 GMT',
23 silly get     etag: 'W/"58283b48-ec29e"',
23 silly get     'content-encoding': 'gzip',
23 silly get     'cache-control': 'max-age=300',
23 silly get     'content-length': '36835',
23 silly get     'accept-ranges': 'bytes',
23 silly get     date: 'Sun, 13 Nov 2016 19:55:11 GMT',
23 silly get     via: '1.1 varnish',
23 silly get     age: '272',
23 silly get     connection: 'keep-alive',
23 silly get     'x-served-by': 'cache-gru7127-GRU',
23 silly get     'x-cache': 'HIT',
23 silly get     'x-cache-hits': '2',
23 silly get     'x-timer': 'S1479066911.946757,VS0,VE0',
23 silly get     vary: 'Accept-Encoding' } ]
24 verbose get saving cordova to /Users/developer/.npm/registry.npmjs.org/cordova/.cache.json
25 silly addNameRange number 2 { name: 'cordova', range: '*', hasData: true }
26 silly addNameRange versions [ 'cordova',
26 silly addNameRange   [ '0.0.1',
26 silly addNameRange     '0.0.2',
26 silly addNameRange     '0.0.3',
26 silly addNameRange     '0.0.4',
26 silly addNameRange     '0.0.5',
26 silly addNameRange     '0.0.6',
26 silly addNameRange     '0.0.7',
26 silly addNameRange     '0.0.8',
26 silly addNameRange     '0.0.9',
26 silly addNameRange     '0.1.0',
26 silly addNameRange     '0.1.1',
26 silly addNameRange     '0.1.2',
26 silly addNameRange     '0.1.3',
26 silly addNameRange     '0.1.4',
26 silly addNameRange     '0.1.5',
26 silly addNameRange     '0.1.6',
26 silly addNameRange     '0.1.7',
26 silly addNameRange     '0.1.8',
26 silly addNameRange     '0.1.9',
26 silly addNameRange     '0.1.10',
26 silly addNameRange     '0.1.11',
26 silly addNameRange     '0.1.12',
26 silly addNameRange     '0.1.13',
26 silly addNameRange     '0.1.14',
26 silly addNameRange     '2.2.0',
26 silly addNameRange     '2.3.0',
26 silly addNameRange     '2.3.1',
26 silly addNameRange     '2.3.2',
26 silly addNameRange     '2.3.3',
26 silly addNameRange     '2.3.5',
26 silly addNameRange     '2.3.6',
26 silly addNameRange     '2.4.0',
26 silly addNameRange     '2.4.1',
26 silly addNameRange     '2.4.2',
26 silly addNameRange     '2.4.3',
26 silly addNameRange     '2.4.4',
26 silly addNameRange     '2.4.5',
26 silly addNameRange     '2.4.6',
26 silly addNameRange     '2.4.7',
26 silly addNameRange     '2.4.8',
26 silly addNameRange     '2.4.9',
26 silly addNameRange     '2.4.10',
26 silly addNameRange     '2.5.0',
26 silly addNameRange     '2.5.2',
26 silly addNameRange     '2.5.3',
26 silly addNameRange     '2.5.4',
26 silly addNameRange     '2.5.5',
26 silly addNameRange     '2.6.0',
26 silly addNameRange     '2.6.1',
26 silly addNameRange     '2.6.2',
26 silly addNameRange     '2.7.0-rc.1',
26 silly addNameRange     '2.7.1-rc.1',
26 silly addNameRange     '2.7.2',
26 silly addNameRange     '2.7.3',
26 silly addNameRange     '2.7.4',
26 silly addNameRange     '2.8.0',
26 silly addNameRange     '2.8.1',
26 silly addNameRange     '2.8.2',
26 silly addNameRange     '2.8.3',
26 silly addNameRange     '2.8.4',
26 silly addNameRange     '2.8.5',
26 silly addNameRange     '2.8.6',
26 silly addNameRange     '2.8.7',
26 silly addNameRange     '2.8.8',
26 silly addNameRange     '2.8.9',
26 silly addNameRange     '2.8.10',
26 silly addNameRange     '2.8.11',
26 silly addNameRange     '2.8.12',
26 silly addNameRange     '2.8.13',
26 silly addNameRange     '2.8.14',
26 silly addNameRange     '2.8.15',
26 silly addNameRange     '2.8.16',
26 silly addNameRange     '2.8.17',
26 silly addNameRange     '2.8.18',
26 silly addNameRange     '2.8.19',
26 silly addNameRange     '2.8.20',
26 silly addNameRange     '2.8.21',
26 silly addNameRange     '2.8.22',
26 silly addNameRange     '2.8.23',
26 silly addNameRange     '2.8.24',
26 silly addNameRange     '2.8.25',
26 silly addNameRange     '2.9.0',
26 silly addNameRange     '2.9.1',
26 silly addNameRange     '2.9.2',
26 silly addNameRange     '2.9.3',
26 silly addNameRange     '2.9.4',
26 silly addNameRange     '2.9.5',
26 silly addNameRange     '2.9.6',
26 silly addNameRange     '2.9.7',
26 silly addNameRange     '3.0.0-rc1',
26 silly addNameRange     '3.0.0-rc1-1',
26 silly addNameRange     '3.0.0-rc1-3',
26 silly addNameRange     '3.0.0',
26 silly addNameRange     '3.0.1',
26 silly addNameRange     '3.0.2',
26 silly addNameRange     '3.0.3',
26 silly addNameRange     '3.0.4',
26 silly addNameRange     '3.0.5',
26 silly addNameRange     '3.0.6',
26 silly addNameRange     '3.0.7',
26 silly addNameRange     '3.0.8',
26 silly addNameRange     '3.0.9',
26 silly addNameRange     '3.0.10',
26 silly addNameRange     '3.1.0-0.1.0',
26 silly addNameRange     '3.1.0-0.2.0',
26 silly addNameRange     '3.2.0-rc.1',
26 silly addNameRange     '3.2.0-0.1.0',
26 silly addNameRange     '3.2.0-0.2.0',
26 silly addNameRange     '3.2.0-0.3.0',
26 silly addNameRange     '3.2.0-0.4.0',
26 silly addNameRange     '3.3.0-rc.1',
26 silly addNameRange     '3.3.0-0.1.1',
26 silly addNameRange     '3.3.1-0.1.2',
26 silly addNameRange     '2.9.0-rc1',
26 silly addNameRange     '3.3.1-0.3.0',
26 silly addNameRange     '3.3.1-0.3.1',
26 silly addNameRange     '3.3.1-0.4.1',
26 silly addNameRange     '3.3.1-0.4.2',
26 silly addNameRange     '3.4.0-0.1.0',
26 silly addNameRange     '3.4.0-0.1.1',
26 silly addNameRange     '3.4.0-0.1.2',
26 silly addNameRange     '3.4.0-0.1.3',
26 silly addNameRange     '0.0.0-fake',
26 silly addNameRange     '3.4.1-0.1.0',
26 silly addNameRange     '3.5.0-0.2.0',
26 silly addNameRange     '3.5.0-0.2.1',
26 silly addNameRange     '3.5.0-0.2.2',
26 silly addNameRange     '3.5.0-0.2.3',
26 silly addNameRange     '3.5.0-0.2.4',
26 silly addNameRange     '3.5.0-0.2.6',
26 silly addNameRange     '3.5.0-0.2.7',
26 silly addNameRange     '3.6.0-0.2.8',
26 silly addNameRange     '3.6.0-0.2.9',
26 silly addNameRange     '3.6.1-0.2.10',
26 silly addNameRange     '3.6.3-0.2.11',
26 silly addNameRange     '3.6.3-0.2.12',
26 silly addNameRange     '3.6.3-0.2.13',
26 silly addNameRange     '4.0.0',
26 silly addNameRange     '4.0.1',
26 silly addNameRange     '4.1.0',
26 silly addNameRange     '4.1.1',
26 silly addNameRange     '4.1.2',
26 silly addNameRange     '4.1.3-nightly.2014.10.21',
26 silly addNameRange     '4.2.0',
26 silly addNameRange     '4.3.0',
26 silly addNameRange     '5.0.0',
26 silly addNameRange     '4.3.1',
26 silly addNameRange     '5.1.1',
26 silly addNameRange     '5.2.0',
26 silly addNameRange     '5.3.1',
26 silly addNameRange     '5.3.3',
26 silly addNameRange     '5.4.0',
26 silly addNameRange     '5.4.1',
26 silly addNameRange     '6.0.0',
26 silly addNameRange     '6.1.0',
26 silly addNameRange     '6.1.1',
26 silly addNameRange     '6.2.0-nightly.2016.5.11',
26 silly addNameRange     '6.2.0-nightly.2016.5.12',
26 silly addNameRange     '6.2.0-nightly.2016.5.13',
26 silly addNameRange     '6.2.1-nightly.2016.5.20.254844d7',
26 silly addNameRange     '6.2.1-nightly.2016.5.21.254844d7',
26 silly addNameRange     '6.2.1-nightly.2016.5.22.254844d7',
26 silly addNameRange     '6.2.1-nightly.2016.5.23.6e87c71a',
26 silly addNameRange     '6.2.1-nightly.2016.5.24.189f41a4',
26 silly addNameRange     '6.2.0',
26 silly addNameRange     '6.2.1-nightly.2016.5.25.189f41a4',
26 silly addNameRange     '6.2.1-nightly.2016.5.26.189f41a4',
26 silly addNameRange     '6.2.1-nightly.2016.5.27.189f41a4',
26 silly addNameRange     '6.2.1-nightly.2016.5.28.189f41a4',
26 silly addNameRange     '6.2.1-nightly.2016.5.30.189f41a4',
26 silly addNameRange     '6.2.1-nightly.2016.5.31.189f41a4',
26 silly addNameRange     '6.2.1-nightly.2016.6.1.189f41a4',
26 silly addNameRange     '6.2.1-nightly.2016.6.2.189f41a4',
26 silly addNameRange     '6.2.1-nightly.2016.6.3.189f41a4',
26 silly addNameRange     '6.2.1-nightly.2016.6.4.189f41a4',
26 silly addNameRange     '6.2.1-nightly.2016.6.5.189f41a4',
26 silly addNameRange     '6.2.1-nightly.2016.6.6.189f41a4',
26 silly addNameRange     '6.2.1-nightly.2016.6.7.486bdab5',
26 silly addNameRange     '6.2.1-nightly.2016.6.8.486bdab5',
26 silly addNameRange     '6.2.1-dev',
26 silly addNameRange     '6.2.1-nightly.2016.6.10.486bdab5',
26 silly addNameRange     '6.2.1-nightly.2016.6.12.486bdab5',
26 silly addNameRange     '6.2.1-nightly.2016.6.13.486bdab5',
26 silly addNameRange     '6.2.1-nightly.2016.6.14.486bdab5',
26 silly addNameRange     '6.2.1-nightly.2016.6.16.486bdab5',
26 silly addNameRange     '6.2.1-nightly.2016.6.17.486bdab5',
26 silly addNameRange     '6.2.1-nightly.2016.6.18.486bdab5',
26 silly addNameRange     '6.2.1-nightly.2016.6.20.486bdab5',
26 silly addNameRange     '6.2.1-nightly.2016.6.21.486bdab5',
26 silly addNameRange     '6.2.1-nightly.2016.6.22.486bdab5',
26 silly addNameRange     '6.2.1-nightly.2016.6.23.486bdab5',
26 silly addNameRange     '6.2.1-nightly.2016.6.24.486bdab5',
26 silly addNameRange     '6.2.1-nightly.2016.6.26.486bdab5',
26 silly addNameRange     '6.2.1-nightly.2016.6.27.486bdab5',
26 silly addNameRange     '6.2.1-nightly.2016.6.28.486bdab5',
26 silly addNameRange     '6.2.1-nightly.2016.6.29.64e11522',
26 silly addNameRange     '6.2.1-nightly.2016.6.30.64e11522',
26 silly addNameRange     '6.2.1-nightly.2016.7.1.64e11522',
26 silly addNameRange     '6.2.1-nightly.2016.7.2.64e11522',
26 silly addNameRange     '6.2.1-nightly.2016.7.3.64e11522',
26 silly addNameRange     '6.2.1-nightly.2016.7.4.64e11522',
26 silly addNameRange     '6.2.1-nightly.2016.7.5.64e11522',
26 silly addNameRange     '6.2.1-nightly.2016.7.6.64e11522',
26 silly addNameRange     '6.2.1-nightly.2016.7.7.64e11522',
26 silly addNameRange     '6.2.1-nightly.2016.7.8.64e11522',
26 silly addNameRange     '6.2.1-nightly.2016.7.10.64e11522',
26 silly addNameRange     '6.2.1-nightly.2016.7.12.64e11522',
26 silly addNameRange     '6.3.1-nightly.2016.7.14.83f93b96',
26 silly addNameRange     '6.3.1-nightly.2016.7.15.83f93b96',
26 silly addNameRange     '6.3.1-nightly.2016.7.16.83f93b96',
26 silly addNameRange     '6.3.1-nightly.2016.7.17.83f93b96',
26 silly addNameRange     '6.3.1-nightly.2016.7.18.83f93b96',
26 silly addNameRange     '6.3.1-nightly.2016.7.20.83f93b96',
26 silly addNameRange     '6.3.0',
26 silly addNameRange     '6.3.1-nightly.2016.7.23.83f93b96',
26 silly addNameRange     '6.3.1-nightly.2016.7.24.83f93b96',
26 silly addNameRange     '6.3.1-nightly.2016.7.25.83f93b96',
26 silly addNameRange     '6.3.1-nightly.2016.7.26.83f93b96',
26 silly addNameRange     '6.3.1-nightly.2016.7.27.83f93b96',
26 silly addNameRange     '6.3.1-nightly.2016.7.28.83f93b96',
26 silly addNameRange     '6.3.1-nightly.2016.7.29.83f93b96',
26 silly addNameRange     '6.3.1-nightly.2016.8.2.5e6e3bf1',
26 silly addNameRange     '6.3.1-nightly.2016.8.4.5e6e3bf1',
26 silly addNameRange     '6.3.1-nightly.2016.8.5.5e6e3bf1',
26 silly addNameRange     '6.3.1-nightly.2016.8.6.5e6e3bf1',
26 silly addNameRange     '6.3.1-nightly.2016.8.7.5e6e3bf1',
26 silly addNameRange     '6.3.1-nightly.2016.8.8.5e6e3bf1',
26 silly addNameRange     '6.3.1-nightly.2016.8.9.5e6e3bf1',
26 silly addNameRange     '6.4.0-nightly.2016.8.10.258eb28f',
26 silly addNameRange     '6.4.0-nightly.2016.8.11.258eb28f',
26 silly addNameRange     '6.4.0-nightly.2016.8.12.258eb28f',
26 silly addNameRange     '6.4.0-nightly.2016.8.13.258eb28f',
26 silly addNameRange     '6.4.0-nightly.2016.8.15.258eb28f',
26 silly addNameRange     '6.3.1',
26 silly addNameRange     '6.4.0-nightly.2016.8.16.258eb28f',
26 silly addNameRange     '6.4.0-nightly.2016.8.17.258eb28f',
26 silly addNameRange     '6.4.0-nightly.2016.8.18.258eb28f',
26 silly addNameRange     '6.4.0-nightly.2016.8.20.258eb28f',
26 silly addNameRange     '6.4.0-nightly.2016.8.21.258eb28f',
26 silly addNameRange     '6.4.0-nightly.2016.8.22.258eb28f',
26 silly addNameRange     '6.4.0-nightly.2016.8.23.4935f1a5',
26 silly addNameRange     '6.4.0-nightly.2016.8.24.4935f1a5',
26 silly addNameRange     '6.4.0-nightly.2016.8.25.4935f1a5',
26 silly addNameRange     '6.4.0-nightly.2016.8.26.4935f1a5',
26 silly addNameRange     '6.4.0-nightly.2016.8.27.4935f1a5',
26 silly addNameRange     '6.4.0-nightly.2016.8.28.4935f1a5',
26 silly addNameRange     '6.4.0-nightly.2016.8.29.4935f1a5',
26 silly addNameRange     '6.4.0-nightly.2016.8.30.4935f1a5',
26 silly addNameRange     '6.4.0-nightly.2016.8.31.4935f1a5',
26 silly addNameRange     '6.4.0-nightly.2016.9.1.4935f1a5',
26 silly addNameRange     '6.4.0-nightly.2016.9.2.4935f1a5',
26 silly addNameRange     '6.4.0-nightly.2016.9.3.ddd828f4',
26 silly addNameRange     '6.4.0-nightly.2016.9.4.ddd828f4',
26 silly addNameRange     '6.4.0-nightly.2016.9.5.ddd828f4',
26 silly addNameRange     '6.4.0-nightly.2016.9.7.ddd828f4',
26 silly addNameRange     '6.4.0-nightly.2016.9.10.ddd828f4',
26 silly addNameRange     '6.4.0-nightly.2016.9.11.ddd828f4',
26 silly addNameRange     '6.4.0-nightly.2016.9.12.ddd828f4',
26 silly addNameRange     '6.4.0-nightly.2016.9.13.ddd828f4',
26 silly addNameRange     '6.4.0-nightly.2016.9.14.ddd828f4',
26 silly addNameRange     '6.4.0-nightly.2016.9.15.ddd828f4',
26 silly addNameRange     '6.4.0-nightly.2016.9.16.ddd828f4',
26 silly addNameRange     '6.4.0-nightly.2016.9.17.ddd828f4',
26 silly addNameRange     '6.4.0-nightly.2016.9.18.ddd828f4',
26 silly addNameRange     '6.4.0-nightly.2016.9.19.ddd828f4',
26 silly addNameRange     '6.4.0-nightly.2016.9.20.ddd828f4',
26 silly addNameRange     '6.4.0-nightly.2016.9.21.ddd828f4',
26 silly addNameRange     '6.4.0-nightly.2016.9.22.ddd828f4',
26 silly addNameRange     '6.4.0-nightly.2016.9.23.ddd828f4',
26 silly addNameRange     '6.4.0-nightly.2016.9.24.ddd828f4',
26 silly addNameRange     '6.4.0-nightly.2016.9.25.ddd828f4',
26 silly addNameRange     '6.4.0-nightly.2016.9.26.ddd828f4',
26 silly addNameRange     '6.4.0-nightly.2016.9.27.ddd828f4',
26 silly addNameRange     '6.4.0-nightly.2016.9.28.ddd828f4',
26 silly addNameRange     '6.4.0-nightly.2016.10.7.4759c467',
26 silly addNameRange     '6.4.0-nightly.2016.10.8.4759c467',
26 silly addNameRange     '6.4.0-nightly.2016.10.9.4759c467',
26 silly addNameRange     '6.4.0-nightly.2016.10.10.4759c467',
26 silly addNameRange     '6.4.0-nightly.2016.10.11.4759c467',
26 silly addNameRange     '6.4.0-nightly.2016.10.12.4759c467',
26 silly addNameRange     '6.4.0-nightly.2016.10.13.4759c467',
26 silly addNameRange     '6.4.0-nightly.2016.10.14.9c306a44',
26 silly addNameRange     '6.4.0-nightly.2016.10.15.576c8426',
26 silly addNameRange     '6.4.0-nightly.2016.10.16.576c8426',
26 silly addNameRange     '6.4.0-nightly.2016.10.17.576c8426',
26 silly addNameRange     '6.4.0-nightly.2016.10.18.576c8426',
26 silly addNameRange     '6.4.0-nightly.2016.10.19.576c8426',
26 silly addNameRange     '6.4.0-nightly.2016.10.21.576c8426',
26 silly addNameRange     '6.4.0-nightly.2016.10.22.576c8426',
26 silly addNameRange     '6.4.1-nightly.2016.10.25.c5977c97',
26 silly addNameRange     '6.4.1-nightly.2016.10.26.c5977c97',
26 silly addNameRange     '6.4.0',
26 silly addNameRange     '6.4.1-nightly.2016.10.27.c5977c97',
26 silly addNameRange     '6.4.1-nightly.2016.11.1.c5977c97',
26 silly addNameRange     '6.4.1-nightly.2016.11.2.0dad8c6d',
26 silly addNameRange     '6.4.1-nightly.2016.11.3.0dad8c6d',
26 silly addNameRange     '6.4.1-nightly.2016.11.4.0dad8c6d',
26 silly addNameRange     '6.4.1-nightly.2016.11.5.0dad8c6d',
26 silly addNameRange     '6.4.1-nightly.2016.11.6.0dad8c6d',
26 silly addNameRange     '6.4.1-nightly.2016.11.7.0dad8c6d',
26 silly addNameRange     '6.4.1-nightly.2016.11.8.0dad8c6d',
26 silly addNameRange     '6.4.1-nightly.2016.11.9.0dad8c6d',
26 silly addNameRange     '6.4.1-nightly.2016.11.10.0dad8c6d',
26 silly addNameRange     '6.4.1-nightly.2016.11.11.0dad8c6d',
26 silly addNameRange     '6.4.1-nightly.2016.11.12.0dad8c6d' ] ]
27 silly addNamed cordova@6.4.0
28 verbose addNamed "6.4.0" is a plain semver version for cordova
29 silly mapToRegistry name cordova
30 silly mapToRegistry using default registry
31 silly mapToRegistry registry https://registry.npmjs.org/
32 silly mapToRegistry uri https://registry.npmjs.org/cordova
33 verbose addRemoteTarball https://registry.npmjs.org/cordova/-/cordova-6.4.0.tgz not in flight; adding
34 verbose addRemoteTarball [ 'https://registry.npmjs.org/cordova/-/cordova-6.4.0.tgz',
34 verbose addRemoteTarball   '3fd9e8b9ad77a6a93ec76947704de21ac2991776' ]
35 info retry fetch attempt 1 at 17:55:14
36 info attempt registry request try #1 at 17:55:14
37 http fetch GET https://registry.npmjs.org/cordova/-/cordova-6.4.0.tgz
38 http fetch 200 https://registry.npmjs.org/cordova/-/cordova-6.4.0.tgz
39 silly fetchAndShaCheck shasum 3fd9e8b9ad77a6a93ec76947704de21ac2991776
40 verbose addTmpTarball /var/folders/6f/p98dkdjn7m51ph_t7mxdm0yw0000gq/T/npm-2266-0b65caca/registry.npmjs.org/cordova/-/cordova-6.4.0.tgz not in flight; adding
41 verbose addTmpTarball already have metadata; skipping unpack for cordova@6.4.0
42 silly cache afterAdd cordova@6.4.0
43 verbose afterAdd /Users/developer/.npm/cordova/6.4.0/package/package.json not in flight; writing
44 verbose afterAdd /Users/developer/.npm/cordova/6.4.0/package/package.json written
45 silly install resolved [ { name: 'cordova',
45 silly install resolved     version: '6.4.0',
45 silly install resolved     preferGlobal: 'true',
45 silly install resolved     description: 'Cordova command line interface tool',
45 silly install resolved     main: 'cordova',
45 silly install resolved     engines: { node: '>=4.0.0' },
45 silly install resolved     bin: { cordova: './bin/cordova' },
45 silly install resolved     scripts:
45 silly install resolved      { test: 'node node_modules/jasmine-node/bin/jasmine-node --captureExceptions --color spec',
45 silly install resolved        cover: 'node node_modules/istanbul/lib/cli.js cover --root src --print detail node_modules/jasmine-node/bin/jasmine-node -- spec' },
45 silly install resolved     repository:
45 silly install resolved      { type: 'git',
45 silly install resolved        url: 'https://git-wip-us.apache.org/repos/asf/cordova-cli.git' },
45 silly install resolved     bugs:
45 silly install resolved      { url: 'https://issues.apache.org/jira/browse/CB',
45 silly install resolved        email: 'dev@cordova.apache.org' },
45 silly install resolved     keywords: [ 'cordova', 'client', 'cli' ],
45 silly install resolved     dependencies:
45 silly install resolved      { 'cordova-common': '1.5.x',
45 silly install resolved        'cordova-lib': '6.4.0',
45 silly install resolved        insight: '~0.8.2',
45 silly install resolved        nopt: '3.0.1',
45 silly install resolved        q: '1.0.1',
45 silly install resolved        underscore: '1.7.0',
45 silly install resolved        'update-notifier': '^0.5.0' },
45 silly install resolved     devDependencies: { istanbul: '^0.4.5', 'jasmine-node': '1.14.5' },
45 silly install resolved     author: { name: 'Anis Kadri' },
45 silly install resolved     contributors:
45 silly install resolved      [ [Object],
45 silly install resolved        [Object],
45 silly install resolved        [Object],
45 silly install resolved        [Object],
45 silly install resolved        [Object],
45 silly install resolved        [Object],
45 silly install resolved        [Object],
45 silly install resolved        [Object],
45 silly install resolved        [Object],
45 silly install resolved        [Object],
45 silly install resolved        [Object],
45 silly install resolved        [Object],
45 silly install resolved        [Object],
45 silly install resolved        [Object],
45 silly install resolved        [Object],
45 silly install resolved        [Object],
45 silly install resolved        [Object],
45 silly install resolved        [Object],
45 silly install resolved        [Object],
45 silly install resolved        [Object],
45 silly install resolved        [Object],
45 silly install resolved        [Object],
45 silly install resolved        [Object],
45 silly install resolved        [Object] ],
45 silly install resolved     license: 'Apache-2.0',
45 silly install resolved     _id: 'cordova@6.4.0',
45 silly install resolved     _shasum: '3fd9e8b9ad77a6a93ec76947704de21ac2991776',
45 silly install resolved     _resolved: 'https://registry.npmjs.org/cordova/-/cordova-6.4.0.tgz',
45 silly install resolved     _from: 'cordova@*',
45 silly install resolved     _npmVersion: '4.0.0',
45 silly install resolved     _nodeVersion: '6.6.0',
45 silly install resolved     _npmUser: { name: 'stevegill', email: 'stevengill97@gmail.com' },
45 silly install resolved     dist:
45 silly install resolved      { shasum: '3fd9e8b9ad77a6a93ec76947704de21ac2991776',
45 silly install resolved        tarball: 'https://registry.npmjs.org/cordova/-/cordova-6.4.0.tgz' },
45 silly install resolved     maintainers:
45 silly install resolved      [ [Object],
45 silly install resolved        [Object],
45 silly install resolved        [Object],
45 silly install resolved        [Object],
45 silly install resolved        [Object],
45 silly install resolved        [Object],
45 silly install resolved        [Object],
45 silly install resolved        [Object],
45 silly install resolved        [Object],
45 silly install resolved        [Object],
45 silly install resolved        [Object],
45 silly install resolved        [Object],
45 silly install resolved        [Object],
45 silly install resolved        [Object],
45 silly install resolved        [Object],
45 silly install resolved        [Object],
45 silly install resolved        [Object],
45 silly install resolved        [Object] ],
45 silly install resolved     _npmOperationalInternal:
45 silly install resolved      { host: 'packages-18-east.internal.npmjs.com',
45 silly install resolved        tmp: 'tmp/cordova-6.4.0.tgz_1477514706896_0.4209229650441557' },
45 silly install resolved     directories: {} } ]
46 info install cordova@6.4.0 into /usr/local/lib
47 info installOne cordova@6.4.0
48 verbose installOne of cordova to /usr/local/lib not in flight; installing
49 verbose lock using /Users/developer/.npm/_locks/cordova-fa12e2e096426a32.lock for /usr/local/lib/node_modules/cordova
50 silly install write writing cordova 6.4.0 to /usr/local/lib/node_modules/cordova
51 verbose unbuild lib/node_modules/cordova
52 info preuninstall cordova@6.0.0
53 info uninstall cordova@6.0.0
54 verbose unbuild rmStuff cordova@6.0.0 from /usr/local/lib/node_modules
55 silly gentlyRm /usr/local/bin/cordova is being gently removed
56 silly gentlyRm verifying /usr/local is an npm working directory
57 silly gentlyRm containing path /usr/local is under npm's control, in /usr/local
58 silly gentlyRm deletion target /usr/local/bin/cordova is under /usr/local
59 verbose gentlyRm vacuuming from /usr/local/bin/cordova up to /usr/local
60 silly vacuum-fs removing /usr/local/bin/cordova
61 silly vacuum-fs quitting because other entries in /usr/local/bin
62 info postuninstall cordova@6.0.0
63 silly gentlyRm /usr/local/lib/node_modules/cordova is being purged from base /usr/local
64 verbose gentlyRm don't care about contents; nuking /usr/local/lib/node_modules/cordova
65 silly vacuum-fs purging /usr/local/lib/node_modules/cordova
66 verbose unlock done using /Users/developer/.npm/_locks/cordova-fa12e2e096426a32.lock for /usr/local/lib/node_modules/cordova
67 verbose stack Error: EACCES: permission denied, rmdir '/usr/local/lib/node_modules/cordova'
67 verbose stack     at Error (native)
68 verbose cwd /Users/developer/Documents/TC100/hestia-app
69 error Darwin 15.6.0
70 error argv "/usr/local/bin/node" "/usr/local/bin/npm" "install" "-g" "cordova"
71 error node v4.1.1
72 error npm  v2.14.4
73 error path /usr/local/lib/node_modules/cordova
74 error code EACCES
75 error errno -13
76 error syscall rmdir
77 error Error: EACCES: permission denied, rmdir '/usr/local/lib/node_modules/cordova'
77 error     at Error (native)
77 error  { [Error: EACCES: permission denied, rmdir '/usr/local/lib/node_modules/cordova']
77 error   errno: -13,
77 error   code: 'EACCES',
77 error   syscall: 'rmdir',
77 error   path: '/usr/local/lib/node_modules/cordova' }
78 error Please try running this command again as root/Administrator.
79 verbose exit [ -13, true ]
80 verbose unbuild lib/node_modules/cordova
81 info preuninstall cordova@6.0.0
82 info uninstall cordova@6.0.0
83 verbose unbuild rmStuff cordova@6.0.0 from /usr/local/lib/node_modules
84 silly gentlyRm /usr/local/bin/cordova is being gently removed
85 silly gentlyRm verifying /usr/local is an npm working directory
86 silly gentlyRm containing path /usr/local is under npm's control, in /usr/local
87 silly gentlyRm deletion target /usr/local/bin/cordova is under /usr/local
88 verbose gentlyRm vacuuming from /usr/local/bin/cordova up to /usr/local
89 info postuninstall cordova@6.0.0
90 silly gentlyRm /usr/local/lib/node_modules/cordova is being purged from base /usr/local
91 verbose gentlyRm don't care about contents; nuking /usr/local/lib/node_modules/cordova
92 silly vacuum-fs purging /usr/local/lib/node_modules/cordova
93 error error rolling back Error: EACCES: permission denied, rmdir '/usr/local/lib/node_modules/cordova'
93 error error rolling back     at Error (native)
93 error error rolling back  { [Error: EACCES: permission denied, rmdir '/usr/local/lib/node_modules/cordova']
93 error error rolling back   errno: -13,
93 error error rolling back   code: 'EACCES',
93 error error rolling back   syscall: 'rmdir',
93 error error rolling back   path: '/usr/local/lib/node_modules/cordova' }
